0 info it worked if it ends with ok
1 verbose cli [ '/usr/bin/nodejs', '/usr/bin/npm', 'run', 'lint' ]
2 info using npm@3.10.3
3 info using node@v6.3.1
4 verbose run-script [ 'prelint', 'lint', 'postlint' ]
5 info lifecycle projects@~prelint: projects@
6 silly lifecycle projects@~prelint: no script for prelint, continuing
7 info lifecycle projects@~lint: projects@
8 verbose lifecycle projects@~lint: unsafe-perm in lifecycle true
9 verbose lifecycle projects@~lint: PATH: /usr/lib/node_modules/npm/bin/node-gyp-bin:/home/msi/Документы/Generator/node_modules/.bin:/usr/bin:/usr/local/sbin:/usr/local/bin:/usr/sbin:/usr/bin:/sbin:/bin:/usr/games:/usr/local/games:/snap/bin:/snap/bin
10 verbose lifecycle projects@~lint: CWD: /home/msi/Документы/Generator
11 silly lifecycle projects@~lint: Args: [ '-c', 'npm run lintxo && npm run lintcoffee' ]
12 silly lifecycle projects@~lint: Returned: code: 1  signal: null
13 info lifecycle projects@~lint: Failed to exec lint script
14 verbose stack Error: projects@ lint: `npm run lintxo && npm run lintcoffee`
14 verbose stack Exit status 1
14 verbose stack     at EventEmitter.<anonymous> (/usr/lib/node_modules/npm/lib/utils/lifecycle.js:242:16)
14 verbose stack     at emitTwo (events.js:106:13)
14 verbose stack     at EventEmitter.emit (events.js:191:7)
14 verbose stack     at ChildProcess.<anonymous> (/usr/lib/node_modules/npm/lib/utils/spawn.js:40:14)
14 verbose stack     at emitTwo (events.js:106:13)
14 verbose stack     at ChildProcess.emit (events.js:191:7)
14 verbose stack     at maybeClose (internal/child_process.js:852:16)
14 verbose stack     at Process.ChildProcess._handle.onexit (internal/child_process.js:215:5)
15 verbose pkgid projects@
16 verbose cwd /home/msi/Документы/Generator
17 error Linux 4.4.0-36-generic
18 error argv "/usr/bin/nodejs" "/usr/bin/npm" "run" "lint"
19 error node v6.3.1
20 error npm  v3.10.3
21 error code ELIFECYCLE
22 error projects@ lint: `npm run lintxo && npm run lintcoffee`
22 error Exit status 1
23 error Failed at the projects@ lint script 'npm run lintxo && npm run lintcoffee'.
23 error Make sure you have the latest version of node.js and npm installed.
23 error If you do, this is most likely a problem with the projects package,
23 error not with npm itself.
23 error Tell the author that this fails on your system:
23 error     npm run lintxo && npm run lintcoffee
23 error You can get information on how to open an issue for this project with:
23 error     npm bugs projects
23 error Or if that isn't available, you can get their info via:
23 error     npm owner ls projects
23 error There is likely additional logging output above.
24 verbose exit [ 1, true ]
